weiboitcast02/app/build/outputs/logs/manifest-merger-debug-report.txt
-- Merging decision tree log ---
manifest
ADDED from AndroidManifest.xml:2:1
	package
		ADDED from AndroidManifest.xml:3:7
		INJECTED from AndroidManifest.xml:0:0
		INJECTED from AndroidManifest.xml:0:0
	android:versionName
		ADDED from AndroidManifest.xml:5:7
	android:versionCode
		ADDED from AndroidManifest.xml:4:7
		INJECTED from AndroidManifest.xml:0:0
		INJECTED from AndroidManifest.xml:0:0
	xmlns:android
		ADDED from AndroidManifest.xml:2:11
application
ADDED from AndroidManifest.xml:6:5
	android:label
		ADDED from AndroidManifest.xml:6:48
	android:icon
		ADDED from AndroidManifest.xml:6:18
uses-library#com.google.android.maps
ADDED from AndroidManifest.xml:7:6
	android:name
		ADDED from AndroidManifest.xml:7:20
activity#com.itcast.ui.LogoActivity
ADDED from AndroidManifest.xml:8:7
	android:name
		ADDED from AndroidManifest.xml:8:17
intent-filter#android.intent.action.MAIN+android.intent.category.LAUNCHER
ADDED from AndroidManifest.xml:9:11
action#android.intent.action.MAIN
ADDED from AndroidManifest.xml:10:18
	android:name
		ADDED from AndroidManifest.xml:10:26
category#android.intent.category.LAUNCHER
ADDED from AndroidManifest.xml:11:18
	android:name
		ADDED from AndroidManifest.xml:11:28
activity#org.cocos2dx.Cocos2dxSimpleGameForAndroid.Cocos2dxSimpleGameForAndroid
ADDED from AndroidManifest.xml:14:12
	android:screenOrientation
		ADDED from AndroidManifest.xml:16:19
	android:label
		ADDED from AndroidManifest.xml:15:19
	android:configChanges
		ADDED from AndroidManifest.xml:18:19
	android:theme
		ADDED from AndroidManifest.xml:17:19
	android:name
		ADDED from AndroidManifest.xml:14:22
activity#com.itcast.ui.ShowStatusBitmap
ADDED from AndroidManifest.xml:22:7
	android:name
		ADDED from AndroidManifest.xml:22:17
activity#com.itcast.ui.LoginActivity
ADDED from AndroidManifest.xml:23:7
	android:name
		ADDED from AndroidManifest.xml:23:17
activity#com.itcast.ui.HomeActivity
ADDED from AndroidManifest.xml:24:7
	android:name
		ADDED from AndroidManifest.xml:24:17
activity#com.itcast.ui.MSGActivity
ADDED from AndroidManifest.xml:25:7
	android:name
		ADDED from AndroidManifest.xml:25:17
activity#com.itcast.ui.UserInfoActivity
ADDED from AndroidManifest.xml:26:7
	android:name
		ADDED from AndroidManifest.xml:26:17
activity#com.itcast.ui.SearchActivity
ADDED from AndroidManifest.xml:27:7
	android:name
		ADDED from AndroidManifest.xml:27:17
activity#com.itcast.ui.MoreActivity
ADDED from AndroidManifest.xml:28:7
	android:name
		ADDED from AndroidManifest.xml:28:17
activity#com.itcast.ui.MainActivity
ADDED from AndroidManifest.xml:29:7
	android:name
		ADDED from AndroidManifest.xml:29:17
activity#com.itcast.ui.WeiboInfoActivity
ADDED from AndroidManifest.xml:30:7
	android:name
		ADDED from AndroidManifest.xml:30:17
activity#com.itcast.ui.NewWeiboActivity
ADDED from AndroidManifest.xml:31:7
	android:name
		ADDED from AndroidManifest.xml:31:17
activity#com.itcast.ui.MapViewStatusPoint
ADDED from AndroidManifest.xml:32:6
	android:name
		ADDED from AndroidManifest.xml:32:16
activity#com.itcast.ui.HuatiActivity
ADDED from AndroidManifest.xml:33:6
	android:name
		ADDED from AndroidManifest.xml:33:16
intent-filter#android.intent.action.VIEW+android.intent.category.DEFAULT
ADDED from AndroidManifest.xml:34:8
action#android.intent.action.VIEW
ADDED from AndroidManifest.xml:35:10
	android:name
		ADDED from AndroidManifest.xml:35:18
category#android.intent.category.DEFAULT
ADDED from AndroidManifest.xml:36:10
	android:name
		ADDED from AndroidManifest.xml:36:20
data
ADDED from AndroidManifest.xml:37:10
	android:host
		ADDED from AndroidManifest.xml:37:44
	android:scheme
		ADDED from AndroidManifest.xml:37:16
activity#com.itcast.ui.camer.CamerActivity
ADDED from AndroidManifest.xml:40:6
	android:name
		ADDED from AndroidManifest.xml:40:16
activity#com.itcast.ui.CommentActivity
ADDED from AndroidManifest.xml:41:6
	android:name
		ADDED from AndroidManifest.xml:41:16
activity#com.itcast.ui.ForwardActivity
ADDED from AndroidManifest.xml:42:7
	android:name
		ADDED from AndroidManifest.xml:42:17
service#com.itcast.logic.MainService
ADDED from AndroidManifest.xml:43:7
	android:name
		ADDED from AndroidManifest.xml:43:16
service#com.itcast.logic.WidgetService
ADDED from AndroidManifest.xml:44:10
	android:name
		ADDED from AndroidManifest.xml:44:19
receiver#com.itcast.logic.MainWeiboWidget
ADDED from AndroidManifest.xml:45:12
	android:label
		ADDED from AndroidManifest.xml:45:107
	android:icon
		ADDED from AndroidManifest.xml:45:70
	android:name
		ADDED from AndroidManifest.xml:45:22
intent-filter#android.appwidget.action.APPWIDGET_UPDATE+android.intent.category.DEFAULT
ADDED from AndroidManifest.xml:46:6
action#android.appwidget.action.APPWIDGET_UPDATE
ADDED from AndroidManifest.xml:47:7
	android:name
		ADDED from AndroidManifest.xml:47:15
intent-filter#android.intent.category.DEFAULT+weibo.statues.new
ADDED from AndroidManifest.xml:50:5
action#weibo.statues.new
ADDED from AndroidManifest.xml:51:7
	android:name
		ADDED from AndroidManifest.xml:51:15
intent-filter#android.intent.category.DEFAULT+weibo.bitmap.new
ADDED from AndroidManifest.xml:54:5
action#weibo.bitmap.new
ADDED from AndroidManifest.xml:55:7
	android:name
		ADDED from AndroidManifest.xml:55:15
intent-filter#android.intent.category.DEFAULT+weibo.statues.point
ADDED from AndroidManifest.xml:58:6
action#weibo.statues.point
ADDED from AndroidManifest.xml:59:7
	android:name
		ADDED from AndroidManifest.xml:59:15
meta-data#android.appwidget.provider
ADDED from AndroidManifest.xml:62:7
	android:resource
		ADDED from AndroidManifest.xml:62:18
	android:name
		ADDED from AndroidManifest.xml:62:61
uses-sdk
ADDED from AndroidManifest.xml:65:5
	android:targetSdkVersion
		INJECTED from AndroidManifest.xml:0:0
		INJECTED from AndroidManifest.xml:0:0
	android:minSdkVersion
		ADDED from AndroidManifest.xml:65:15
		INJECTED from AndroidManifest.xml:0:0
		INJECTED from AndroidManifest.xml:0:0
uses-permission#android.permission.CAMERA
ADDED from AndroidManifest.xml:66:5
	android:name
		ADDED from AndroidManifest.xml:66:22
uses-permission#android.permission.MOUNT_UNMOUNT_FILESYSTEMS
ADDED from AndroidManifest.xml:68:1
	android:name
		ADDED from AndroidManifest.xml:68:18
uses-permission#android.permission.WRITE_EXTERNAL_STORAGE
ADDED from AndroidManifest.xml:70:1
	android:name
		ADDED from AndroidManifest.xml:70:18
uses-permission#android.permission.INTERNET
ADDED from AndroidManifest.xml:71:1
	android:name
		ADDED from AndroidManifest.xml:71:18
uses-permission#android.permission.ACCESS_NETWORK_STATE
ADDED from AndroidManifest.xml:72:1
	android:name
		ADDED from AndroidManifest.xml:72:18
uses-permission#android.permission.ACCESS_COARSE_LOCATION
ADDED from AndroidManifest.xml:73:1
	android:name
		ADDED from AndroidManifest.xml:73:18
uses-permission#android.permission.ACCESS_FIND_LOCATION
ADDED from AndroidManifest.xml:74:1
	android:name
		ADDED from AndroidManifest.xml:74:18